<?xml version="1.0" encoding="UTF-8"?>
<!-- Generated by org.testng.reporters.JUnitXMLReporter -->
<testsuite ignored="3" hostname="Khushboo" failures="0" tests="10" name="Test" time="40.228" errors="0" timestamp="2024-12-16T17:57:54 IST">
  <testcase classname="com.cura.qa.test.LoginTest" name="loginPageTitleTest" time="0.188"/>
  <testcase classname="com.cura.qa.test.LoginTest" name="loginPageHeadingTest" time="0.289"/>
  <testcase classname="com.cura.qa.test.LoginTest" name="validateLoginTest" time="0.87"/>
  <testcase classname="com.cura.qa.test.HomePageTest" name="clickLoginBtnTest" time="1.117"/>
  <testcase classname="com.cura.qa.test.HomePageTest" name="homePageAppointmentBtnPresentTest" time="0.708"/>
  <testcase classname="com.cura.qa.test.HomePageTest" name="homePageHeading1Test" time="1.42"/>
  <testcase classname="com.cura.qa.test.HomePageTest" name="homePageHeading2Test" time="0.748"/>
  <testcase classname="com.cura.qa.test.HomePageTest" name="homePageTitleTest" time="0.73"/>
  <testcase classname="com.cura.qa.test.AppointmentPageTest" name="verifyHeadingTest" time="0.226"/>
  <testcase classname="com.cura.qa.test.AppointmentPageTest" name="makeAppointmentTest" time="0.769"/>
  <testcase classname="com.cura.qa.base.TestBase" name="@BeforeSuite setExtentReport" time="0.0">
    <ignored/>
  </testcase> <!-- @BeforeSuite setExtentReport -->
  <testcase classname="com.cura.qa.base.TestBase" name="@BeforeSuite setExtentReport" time="0.0">
    <ignored/>
  </testcase> <!-- @BeforeSuite setExtentReport -->
  <testcase classname="com.cura.qa.base.TestBase" name="@BeforeSuite setExtentReport" time="0.0">
    <ignored/>
  </testcase> <!-- @BeforeSuite setExtentReport -->
</testsuite> <!-- Test -->
