<?xml version="1.0" encoding="UTF-8"?>
<testng-results ignored="3" total="13" passed="10" failed="0" skipped="0">
  <reporter-output>
  </reporter-output>
  <suite started-at="2024-12-16T17:57:14 IST" name="Suite" finished-at="2024-12-16T17:57:54 IST" duration-ms="40228">
    <groups>
    </groups>
    <test started-at="2024-12-16T17:57:14 IST" name="Test" finished-at="2024-12-16T17:57:54 IST" duration-ms="40228">
      <class name="com.cura.qa.test.LoginTest">
        <test-method is-config="true" signature="setUp()[pri:0, instance:com.cura.qa.test.LoginTest@7b98f307]" started-at="2024-12-16T17:57:14 IST" name="setUp" finished-at="2024-12-16T17:57:18 IST" duration-ms="4012" status="PASS">
          <reporter-output>
          </reporter-output>
        </test-method> <!-- setUp -->
        <test-method signature="loginPageTitleTest()[pri:1, instance:com.cura.qa.test.LoginTest@7b98f307]" started-at="2024-12-16T17:57:18 IST" name="loginPageTitleTest" finished-at="2024-12-16T17:57:18 IST" duration-ms="188" status="PASS">
          <reporter-output>
          </reporter-output>
        </test-method> <!-- loginPageTitleTest -->
        <test-method is-config="true" signature="tearDown()[pri:0, instance:com.cura.qa.test.LoginTest@7b98f307]" started-at="2024-12-16T17:57:18 IST" name="tearDown" finished-at="2024-12-16T17:57:18 IST" duration-ms="165" status="PASS">
          <reporter-output>
          </reporter-output>
        </test-method> <!-- tearDown -->
        <test-method is-config="true" signature="setUp()[pri:0, instance:com.cura.qa.test.LoginTest@7b98f307]" started-at="2024-12-16T17:57:18 IST" name="setUp" finished-at="2024-12-16T17:57:22 IST" duration-ms="3356" status="PASS">
          <reporter-output>
          </reporter-output>
        </test-method> <!-- setUp -->
        <test-method signature="loginPageHeadingTest()[pri:2, instance:com.cura.qa.test.LoginTest@7b98f307]" started-at="2024-12-16T17:57:22 IST" name="loginPageHeadingTest" finished-at="2024-12-16T17:57:22 IST" duration-ms="289" status="PASS">
          <reporter-output>
          </reporter-output>
        </test-method> <!-- loginPageHeadingTest -->
        <test-method is-config="true" signature="tearDown()[pri:0, instance:com.cura.qa.test.LoginTest@7b98f307]" started-at="2024-12-16T17:57:22 IST" name="tearDown" finished-at="2024-12-16T17:57:22 IST" duration-ms="131" status="PASS">
          <reporter-output>
          </reporter-output>
        </test-method> <!-- tearDown -->
        <test-method is-config="true" signature="setUp()[pri:0, instance:com.cura.qa.test.LoginTest@7b98f307]" started-at="2024-12-16T17:57:22 IST" name="setUp" finished-at="2024-12-16T17:57:25 IST" duration-ms="3247" status="PASS">
          <reporter-output>
          </reporter-output>
        </test-method> <!-- setUp -->
        <test-method signature="validateLoginTest()[pri:3, instance:com.cura.qa.test.LoginTest@7b98f307]" started-at="2024-12-16T17:57:25 IST" name="validateLoginTest" finished-at="2024-12-16T17:57:26 IST" duration-ms="870" status="PASS">
          <reporter-output>
          </reporter-output>
        </test-method> <!-- validateLoginTest -->
        <test-method is-config="true" signature="tearDown()[pri:0, instance:com.cura.qa.test.LoginTest@7b98f307]" started-at="2024-12-16T17:57:26 IST" name="tearDown" finished-at="2024-12-16T17:57:26 IST" duration-ms="141" status="PASS">
          <reporter-output>
          </reporter-output>
        </test-method> <!-- tearDown -->
      </class> <!-- com.cura.qa.test.LoginTest -->
      <class name="com.cura.qa.test.HomePageTest">
        <test-method is-config="true" signature="setUp()[pri:0, instance:com.cura.qa.test.HomePageTest@4802796d]" started-at="2024-12-16T17:57:26 IST" name="setUp" finished-at="2024-12-16T17:57:29 IST" duration-ms="2908" status="PASS">
          <reporter-output>
          </reporter-output>
        </test-method> <!-- setUp -->
        <test-method signature="clickLoginBtnTest()[pri:0, instance:com.cura.qa.test.HomePageTest@4802796d]" started-at="2024-12-16T17:57:29 IST" name="clickLoginBtnTest" finished-at="2024-12-16T17:57:30 IST" duration-ms="1117" status="PASS">
          <reporter-output>
          </reporter-output>
        </test-method> <!-- clickLoginBtnTest -->
        <test-method is-config="true" signature="tearDown()[pri:0, instance:com.cura.qa.test.HomePageTest@4802796d]" started-at="2024-12-16T17:57:30 IST" name="tearDown" finished-at="2024-12-16T17:57:30 IST" duration-ms="135" status="PASS">
          <reporter-output>
          </reporter-output>
        </test-method> <!-- tearDown -->
        <test-method is-config="true" signature="setUp()[pri:0, instance:com.cura.qa.test.HomePageTest@4802796d]" started-at="2024-12-16T17:57:30 IST" name="setUp" finished-at="2024-12-16T17:57:33 IST" duration-ms="2994" status="PASS">
          <reporter-output>
          </reporter-output>
        </test-method> <!-- setUp -->
        <test-method signature="homePageAppointmentBtnPresentTest()[pri:0, instance:com.cura.qa.test.HomePageTest@4802796d]" started-at="2024-12-16T17:57:33 IST" name="homePageAppointmentBtnPresentTest" finished-at="2024-12-16T17:57:34 IST" duration-ms="708" status="PASS">
          <reporter-output>
          </reporter-output>
        </test-method> <!-- homePageAppointmentBtnPresentTest -->
        <test-method is-config="true" signature="tearDown()[pri:0, instance:com.cura.qa.test.HomePageTest@4802796d]" started-at="2024-12-16T17:57:34 IST" name="tearDown" finished-at="2024-12-16T17:57:34 IST" duration-ms="106" status="PASS">
          <reporter-output>
          </reporter-output>
        </test-method> <!-- tearDown -->
        <test-method is-config="true" signature="setUp()[pri:0, instance:com.cura.qa.test.HomePageTest@4802796d]" started-at="2024-12-16T17:57:34 IST" name="setUp" finished-at="2024-12-16T17:57:36 IST" duration-ms="1546" status="PASS">
          <reporter-output>
          </reporter-output>
        </test-method> <!-- setUp -->
        <test-method signature="homePageHeading1Test()[pri:0, instance:com.cura.qa.test.HomePageTest@4802796d]" started-at="2024-12-16T17:57:36 IST" name="homePageHeading1Test" finished-at="2024-12-16T17:57:37 IST" duration-ms="1420" status="PASS">
          <reporter-output>
          </reporter-output>
        </test-method> <!-- homePageHeading1Test -->
        <test-method is-config="true" signature="tearDown()[pri:0, instance:com.cura.qa.test.HomePageTest@4802796d]" started-at="2024-12-16T17:57:37 IST" name="tearDown" finished-at="2024-12-16T17:57:37 IST" duration-ms="124" status="PASS">
          <reporter-output>
          </reporter-output>
        </test-method> <!-- tearDown -->
        <test-method is-config="true" signature="setUp()[pri:0, instance:com.cura.qa.test.HomePageTest@4802796d]" started-at="2024-12-16T17:57:37 IST" name="setUp" finished-at="2024-12-16T17:57:40 IST" duration-ms="2948" status="PASS">
          <reporter-output>
          </reporter-output>
        </test-method> <!-- setUp -->
        <test-method signature="homePageHeading2Test()[pri:0, instance:com.cura.qa.test.HomePageTest@4802796d]" started-at="2024-12-16T17:57:40 IST" name="homePageHeading2Test" finished-at="2024-12-16T17:57:41 IST" duration-ms="748" status="PASS">
          <reporter-output>
          </reporter-output>
        </test-method> <!-- homePageHeading2Test -->
        <test-method is-config="true" signature="tearDown()[pri:0, instance:com.cura.qa.test.HomePageTest@4802796d]" started-at="2024-12-16T17:57:41 IST" name="tearDown" finished-at="2024-12-16T17:57:41 IST" duration-ms="93" status="PASS">
          <reporter-output>
          </reporter-output>
        </test-method> <!-- tearDown -->
        <test-method is-config="true" signature="setUp()[pri:0, instance:com.cura.qa.test.HomePageTest@4802796d]" started-at="2024-12-16T17:57:41 IST" name="setUp" finished-at="2024-12-16T17:57:44 IST" duration-ms="2906" status="PASS">
          <reporter-output>
          </reporter-output>
        </test-method> <!-- setUp -->
        <test-method signature="homePageTitleTest()[pri:0, instance:com.cura.qa.test.HomePageTest@4802796d]" started-at="2024-12-16T17:57:44 IST" name="homePageTitleTest" finished-at="2024-12-16T17:57:45 IST" duration-ms="730" status="PASS">
          <reporter-output>
          </reporter-output>
        </test-method> <!-- homePageTitleTest -->
        <test-method is-config="true" signature="tearDown()[pri:0, instance:com.cura.qa.test.HomePageTest@4802796d]" started-at="2024-12-16T17:57:45 IST" name="tearDown" finished-at="2024-12-16T17:57:45 IST" duration-ms="124" status="PASS">
          <reporter-output>
          </reporter-output>
        </test-method> <!-- tearDown -->
      </class> <!-- com.cura.qa.test.HomePageTest -->
      <class name="com.cura.qa.base.TestBase">
        <test-method is-config="true" signature="setExtentReport()[pri:0, instance:com.cura.qa.base.TestBase@459e9125]" started-at="2024-12-16T17:57:14 IST" name="setExtentReport" finished-at="2024-12-16T17:57:14 IST" duration-ms="151" status="PASS">
          <reporter-output>
          </reporter-output>
        </test-method> <!-- setExtentReport -->
        <test-method is-config="true" signature="tearDown()[pri:0, instance:com.cura.qa.base.TestBase@459e9125]" started-at="2024-12-16T17:57:54 IST" name="tearDown" finished-at="2024-12-16T17:57:54 IST" duration-ms="157" status="PASS">
          <reporter-output>
          </reporter-output>
        </test-method> <!-- tearDown -->
      </class> <!-- com.cura.qa.base.TestBase -->
      <class name="com.cura.qa.test.AppointmentPageTest">
        <test-method is-config="true" signature="setUp()[pri:0, instance:com.cura.qa.test.AppointmentPageTest@34123d65]" started-at="2024-12-16T17:57:45 IST" name="setUp" finished-at="2024-12-16T17:57:49 IST" duration-ms="3977" status="PASS">
          <reporter-output>
          </reporter-output>
        </test-method> <!-- setUp -->
        <test-method signature="verifyHeadingTest()[pri:1, instance:com.cura.qa.test.AppointmentPageTest@34123d65]" started-at="2024-12-16T17:57:49 IST" name="verifyHeadingTest" finished-at="2024-12-16T17:57:49 IST" duration-ms="226" status="PASS">
          <reporter-output>
          </reporter-output>
        </test-method> <!-- verifyHeadingTest -->
        <test-method is-config="true" signature="tearDown()[pri:0, instance:com.cura.qa.test.AppointmentPageTest@34123d65]" started-at="2024-12-16T17:57:49 IST" name="tearDown" finished-at="2024-12-16T17:57:49 IST" duration-ms="154" status="PASS">
          <reporter-output>
          </reporter-output>
        </test-method> <!-- tearDown -->
        <test-method is-config="true" signature="setUp()[pri:0, instance:com.cura.qa.test.AppointmentPageTest@34123d65]" started-at="2024-12-16T17:57:49 IST" name="setUp" finished-at="2024-12-16T17:57:53 IST" duration-ms="3863" status="PASS">
          <reporter-output>
          </reporter-output>
        </test-method> <!-- setUp -->
        <test-method signature="makeAppointmentTest()[pri:2, instance:com.cura.qa.test.AppointmentPageTest@34123d65]" started-at="2024-12-16T17:57:53 IST" name="makeAppointmentTest" finished-at="2024-12-16T17:57:54 IST" duration-ms="769" status="PASS">
          <reporter-output>
          </reporter-output>
        </test-method> <!-- makeAppointmentTest -->
        <test-method is-config="true" signature="tearDown()[pri:0, instance:com.cura.qa.test.AppointmentPageTest@34123d65]" started-at="2024-12-16T17:57:54 IST" name="tearDown" finished-at="2024-12-16T17:57:54 IST" duration-ms="197" status="PASS">
          <reporter-output>
          </reporter-output>
        </test-method> <!-- tearDown -->
      </class> <!-- com.cura.qa.test.AppointmentPageTest -->
    </test> <!-- Test -->
  </suite> <!-- Suite -->
</testng-results>
